%!Adobe-FontList 1.22
%Locale:0x409

%BeginFont
Handler:DirectoryHandler
FontType:Type1
FontName:MinionPro-Regular
FamilyName:Minion Pro
StyleName:Regular
FullName:Minion Pro
MenuName:Minion Pro
StyleBits:0
WritingScript:Roman
OutlineFileName:D:\Indesign\Indesign_Projects\Magazine Article - Packaged Files\Document fonts\MinionPro-Regular.otf
DataFormat:sfntData
UsesStandardEncoding:yes
isCFF:yes
hasSVG:no
VariableFontType:NonVariableFont
FileLength:231312
FileModTime:1464325426
WeightClass:400
WidthClass:5
AngleClass:0
DesignSize:110
NameArray:0,Mac,4,Minion Pro
NameArray:0,Win,1,Minion Pro
%EndFont

%BeginFont
Handler:DirectoryHandler
FontType:TrueType
FontName:TwCenMT-Bold
FamilyName:Tw Cen MT
StyleName:Bold
FullName:Tw Cen MT Bold
MenuName:Tw Cen MT
StyleBits:2
WritingScript:Roman
OutlineFileName:D:\Indesign\Indesign_Projects\Magazine Article - Packaged Files\Document fonts\TCB_____.TTF
DataFormat:sfntData
hasSVG:no
VariableFontType:NonVariableFont
FileLength:74656
FileModTime:1604779979
WeightClass:700
WidthClass:5
AngleClass:0
NameArray:0,Mac,4,Tw Cen MT Bold
NameArray:0,Win,1,Tw Cen MT
%EndFont

%BeginFont
Handler:DirectoryHandler
FontType:TrueType
FontName:TwCenMT-Regular
FamilyName:Tw Cen MT
StyleName:Regular
FullName:Tw Cen MT
MenuName:Tw Cen MT
StyleBits:0
WritingScript:Roman
OutlineFileName:D:\Indesign\Indesign_Projects\Magazine Article - Packaged Files\Document fonts\TCM_____.TTF
DataFormat:sfntData
hasSVG:no
VariableFontType:NonVariableFont
FileLength:76252
FileModTime:1604779979
WeightClass:400
WidthClass:5
AngleClass:0
NameArray:0,Mac,4,Tw Cen MT
NameArray:0,Win,1,Tw Cen MT
%EndFont

